SF:lib\models\list_model.dart
DA:5,1
DA:7,1
DA:8,1
LF:3
LH:3
end_of_record
SF:lib\bloc\event.dart
DA:5,0
DA:6,0
DA:10,1
DA:17,1
LF:4
LH:2
end_of_record
SF:lib\bloc\list_bloc.dart
DA:7,3
DA:8,2
DA:9,2
DA:13,1
DA:15,2
DA:16,3
DA:17,3
DA:19,0
DA:23,1
DA:25,2
DA:27,3
DA:28,4
DA:29,3
DA:31,0
LF:14
LH:12
end_of_record
SF:lib\views\home_view.dart
DA:13,1
DA:15,1
DA:16,1
DA:25,1
DA:27,1
DA:28,1
DA:30,1
DA:32,1
DA:33,1
DA:37,1
DA:40,1
DA:41,2
DA:42,1
DA:44,1
DA:46,1
DA:47,1
DA:49,1
DA:50,1
DA:52,2
DA:53,1
DA:54,2
DA:60,1
DA:61,2
DA:62,1
DA:63,3
DA:64,1
DA:66,1
DA:69,1
DA:70,1
DA:71,3
DA:72,1
DA:74,4
DA:77,1
DA:78,1
DA:79,1
DA:80,2
DA:82,3
DA:86,1
DA:87,0
DA:99,1
DA:100,7
DA:101,3
DA:102,2
DA:103,2
DA:104,2
DA:105,2
DA:106,2
DA:109,1
DA:110,3
DA:113,2
DA:114,2
DA:115,2
DA:116,2
DA:119,1
DA:120,1
DA:122,1
DA:123,1
DA:125,1
DA:126,1
DA:128,1
DA:130,1
DA:131,2
DA:132,2
DA:133,2
DA:134,1
DA:136,1
DA:137,3
DA:138,1
DA:140,0
DA:152,1
DA:153,3
DA:154,1
DA:156,1
DA:157,1
DA:158,1
DA:159,1
DA:161,1
DA:163,1
DA:164,2
DA:165,1
DA:167,1
DA:168,3
DA:169,1
DA:171,0
LF:84
LH:81
end_of_record
SF:lib\bloc\state.dart
DA:5,0
DA:6,0
DA:10,1
DA:15,1
DA:20,0
LF:5
LH:2
end_of_record
SF:lib\utils\styles.dart
DA:3,2
DA:4,2
DA:5,2
LF:3
LH:3
end_of_record
SF:lib\widgets\message.dart
DA:3,1
DA:4,2
DA:5,2
LF:3
LH:3
end_of_record
SF:lib\widgets\form_dialog.dart
DA:5,1
DA:9,1
DA:11,1
DA:12,1
DA:13,1
DA:14,1
LF:6
LH:6
end_of_record
SF:lib\widgets\form_field.dart
DA:4,1
DA:7,1
DA:9,1
DA:10,1
DA:11,1
DA:12,1
DA:14,1
DA:15,1
LF:8
LH:8
end_of_record
