SF:lib\models\list_model.dart
DA:5,1
DA:7,1
DA:8,1
LF:3
LH:3
end_of_record
SF:lib\bloc\event.dart
DA:5,0
DA:6,0
DA:10,1
DA:17,1
LF:4
LH:2
end_of_record
SF:lib\bloc\list_bloc.dart
DA:7,3
DA:8,2
DA:9,2
DA:13,1
DA:15,2
DA:16,3
DA:17,3
DA:19,0
DA:23,1
DA:25,2
DA:27,3
DA:28,3
DA:29,0
DA:31,2
LF:14
LH:12
end_of_record
SF:lib\bloc\state.dart
DA:5,0
DA:6,0
DA:10,1
DA:15,1
DA:20,1
LF:5
LH:3
end_of_record
SF:lib\views\home_view.dart
DA:13,1
DA:15,1
DA:16,1
DA:25,1
DA:27,1
DA:28,1
DA:29,1
DA:30,1
DA:31,1
DA:32,1
DA:36,1
DA:37,1
DA:39,1
DA:40,3
DA:41,1
DA:42,1
DA:43,1
DA:44,1
DA:45,1
DA:46,1
DA:48,1
DA:49,1
DA:50,1
DA:51,2
DA:52,1
DA:53,2
DA:59,1
DA:60,2
DA:61,1
DA:62,3
DA:63,1
DA:65,1
DA:68,1
DA:69,1
DA:70,3
DA:71,1
DA:73,4
DA:76,1
DA:77,1
DA:78,1
DA:79,2
DA:81,3
DA:95,1
DA:96,7
DA:97,3
DA:98,2
DA:99,2
DA:100,2
DA:101,2
DA:102,2
DA:105,1
DA:106,3
DA:109,2
DA:110,2
DA:111,2
DA:112,2
DA:115,1
DA:116,1
DA:118,1
DA:119,1
DA:121,1
DA:122,1
DA:124,1
DA:126,1
DA:127,2
DA:128,2
DA:129,2
DA:130,1
DA:131,1
DA:132,1
DA:133,3
DA:134,1
DA:136,0
DA:143,1
DA:148,1
DA:149,3
DA:150,1
DA:152,1
DA:153,1
DA:154,1
DA:155,1
DA:157,1
DA:159,1
DA:160,2
DA:161,1
DA:163,1
DA:164,3
DA:165,1
DA:167,0
DA:173,1
LF:90
LH:88
end_of_record
SF:lib\utils\styles.dart
DA:3,2
DA:4,2
DA:5,2
LF:3
LH:3
end_of_record
SF:lib\widgets\message.dart
DA:3,1
DA:4,2
DA:5,2
LF:3
LH:3
end_of_record
SF:lib\widgets\form_dialog.dart
DA:5,1
DA:9,1
DA:11,1
DA:12,1
DA:13,1
DA:14,1
LF:6
LH:6
end_of_record
SF:lib\widgets\form_field.dart
DA:4,1
DA:7,1
DA:9,1
DA:10,1
DA:11,1
DA:12,1
DA:14,1
DA:15,1
LF:8
LH:8
end_of_record
